<?xml version="1.0" encoding="UTF-8"?>
<robot generator="Robot 3.1.1 (Python 3.9.1 on win32)" generated="20210223 16:32:37.112" rpa="false">
<suite id="s1" name="place Order" source="G:\RobotFramework\robot_for_performance_UI\5_test_cases\place_Order.robot">
<test id="s1-t1" name="TC2">
<kw name="[KW] Login" library="Login_Keywords">
<kw name="Open Browser" library="SeleniumLibrary">
<doc>Opens a new browser instance to the given ``url``.</doc>
<arguments>
<arg>${url}</arg>
<arg>${browser}</arg>
</arguments>
<msg timestamp="20210223 16:32:38.075" level="INFO">Opening browser 'chrome' to base url 'https://trading-uat.hsc.com.vn/'.</msg>
<status status="PASS" starttime="20210223 16:32:38.075" endtime="20210223 16:32:43.526"></status>
</kw>
<kw name="Maximize Browser Window" library="SeleniumLibrary">
<doc>Maximizes current browser window.</doc>
<status status="PASS" starttime="20210223 16:32:43.526" endtime="20210223 16:32:45.697"></status>
</kw>
<kw name="Click Element" library="SeleniumLibrary">
<doc>Click element identified by ``locator``.</doc>
<arguments>
<arg>${txt_Login}</arg>
</arguments>
<msg timestamp="20210223 16:32:45.698" level="INFO">Clicking element '//input[@class='ant-input ant-input-lg input-escape text-uppercase']'.</msg>
<status status="PASS" starttime="20210223 16:32:45.698" endtime="20210223 16:32:45.762"></status>
</kw>
<kw name="Input Text" library="SeleniumLibrary">
<doc>Types the given ``text`` into text field identified by ``locator``.</doc>
<arguments>
<arg>${txt_Login}</arg>
<arg>${USERNAME}</arg>
</arguments>
<msg timestamp="20210223 16:32:45.763" level="INFO">Typing text '005766' into text field '//input[@class='ant-input ant-input-lg input-escape text-uppercase']'.</msg>
<status status="PASS" starttime="20210223 16:32:45.762" endtime="20210223 16:32:45.893"></status>
</kw>
<kw name="Input Text" library="SeleniumLibrary">
<doc>Types the given ``text`` into text field identified by ``locator``.</doc>
<arguments>
<arg>${txt_Password}</arg>
<arg>${PASSWORD}</arg>
</arguments>
<msg timestamp="20210223 16:32:45.894" level="INFO">Typing text 'Test@1234' into text field '//input[@class='ant-input ant-input-lg input-escape passwords-mask ']'.</msg>
<status status="PASS" starttime="20210223 16:32:45.893" endtime="20210223 16:32:46.009"></status>
</kw>
<kw name="Click Element" library="SeleniumLibrary">
<doc>Click element identified by ``locator``.</doc>
<arguments>
<arg>${btn_Login}</arg>
</arguments>
<msg timestamp="20210223 16:32:46.010" level="INFO">Clicking element '//button[@class='ant-btn ant-btn-primary ant-btn-lg']'.</msg>
<status status="PASS" starttime="20210223 16:32:46.010" endtime="20210223 16:32:46.054"></status>
</kw>
<kw name="Sleep" library="BuiltIn">
<doc>Pauses the test executed for the given time.</doc>
<arguments>
<arg>5s</arg>
</arguments>
<msg timestamp="20210223 16:32:51.064" level="INFO">Slept 5 seconds</msg>
<status status="PASS" starttime="20210223 16:32:46.054" endtime="20210223 16:32:51.064"></status>
</kw>
<status status="PASS" starttime="20210223 16:32:38.075" endtime="20210223 16:32:51.064"></status>
</kw>
<kw name="Get Text" library="SeleniumLibrary">
<doc>Returns the text value of element identified by ``locator``.</doc>
<arguments>
<arg>//div[@row-index="0"]//div[@class="ag-cell ag-cell-not-inline-editing ag-cell-with-height ag-cell-last-left-pinned text-left symbolColumn ag-cell-value"]</arg>
</arguments>
<assign>
<var>${ID}</var>
</assign>
<msg timestamp="20210223 16:32:51.093" level="INFO">${ID} = BID</msg>
<status status="PASS" starttime="20210223 16:32:51.065" endtime="20210223 16:32:51.093"></status>
</kw>
<kw name="Get Text" library="SeleniumLibrary">
<doc>Returns the text value of element identified by ``locator``.</doc>
<arguments>
<arg>//section[@class="inno-content"]//div[@class="ag-center-cols-container"]//div[@row-index="0"]//div[@col-id="OrderPrice"]</arg>
</arguments>
<assign>
<var>${Price}</var>
</assign>
<msg timestamp="20210223 16:32:51.121" level="INFO">${Price} = 43.45</msg>
<status status="PASS" starttime="20210223 16:32:51.094" endtime="20210223 16:32:51.121"></status>
</kw>
<kw name="Close Browser" library="SeleniumLibrary">
<doc>Closes the current browser.</doc>
<status status="PASS" starttime="20210223 16:32:51.123" endtime="20210223 16:32:53.573"></status>
</kw>
<tags>
<tag>2</tag>
</tags>
<status status="PASS" starttime="20210223 16:32:38.074" endtime="20210223 16:32:53.575" critical="yes"></status>
</test>
<doc>Suite description</doc>
<status status="PASS" starttime="20210223 16:32:37.117" endtime="20210223 16:32:53.584"></status>
</suite>
<statistics>
<total>
<stat pass="1" fail="0">Critical Tests</stat>
<stat pass="1" fail="0">All Tests</stat>
</total>
<tag>
<stat pass="1" fail="0">2</stat>
</tag>
<suite>
<stat pass="1" fail="0" id="s1" name="place Order">place Order</stat>
</suite>
</statistics>
<errors>
<msg timestamp="20210223 16:32:37.957" level="ERROR">Error in file 'G:\RobotFramework\robot_for_performance_UI\imports.robot': Importing test library 'G:\RobotFramework\robot_for_performance_UI\0_resources\pythonlibs\rsa_encryption.py' failed: ModuleNotFoundError: No module named 'Crypto'
Traceback (most recent call last):
  File "G:\RobotFramework\robot_for_performance_UI\0_resources\pythonlibs\rsa_encryption.py", line 1, in &lt;module&gt;
    from Crypto.PublicKey import RSA
PYTHONPATH:
  C:\Users\dongvd\AppData\Local\Programs\Python\Python39\Scripts\robot.exe
  c:\users\dongvd\appdata\local\programs\python\python39\python39.zip
  c:\users\dongvd\appdata\local\programs\python\python39\DLLs
  c:\users\dongvd\appdata\local\programs\python\python39\lib
  c:\users\dongvd\appdata\local\programs\python\python39
  C:\Users\dongvd\AppData\Roaming\Python\Python39\site-packages
  c:\users\dongvd\appdata\local\programs\python\python39\lib\site-packages</msg>
<msg timestamp="20210223 16:32:38.029" level="ERROR">Error in file 'G:\RobotFramework\robot_for_performance_UI\0_resources\imports.robot': Importing test library 'G:\RobotFramework\robot_for_performance_UI\0_resources\pythonlibs\rsa_encryption.py' failed: ModuleNotFoundError: No module named 'Crypto'
Traceback (most recent call last):
  File "G:\RobotFramework\robot_for_performance_UI\0_resources\pythonlibs\rsa_encryption.py", line 1, in &lt;module&gt;
    from Crypto.PublicKey import RSA
PYTHONPATH:
  C:\Users\dongvd\AppData\Local\Programs\Python\Python39\Scripts\robot.exe
  c:\users\dongvd\appdata\local\programs\python\python39\python39.zip
  c:\users\dongvd\appdata\local\programs\python\python39\DLLs
  c:\users\dongvd\appdata\local\programs\python\python39\lib
  c:\users\dongvd\appdata\local\programs\python\python39
  C:\Users\dongvd\AppData\Roaming\Python\Python39\site-packages
  c:\users\dongvd\appdata\local\programs\python\python39\lib\site-packages</msg>
</errors>
</robot>
