<?xml version="1.0" encoding="UTF-8"?>
<robot generator="Robot 3.1.1 (Python 3.9.2 on win32)" generated="20210226 09:36:06.526" rpa="false">
<suite id="s1" name="place Order" source="G:\RobotFramework\robot_for_performance_UI\5_test_cases\place_Order.robot">
<test id="s1-t1" name="Buy Stock Trading">
<kw name="[Common] - Open Chrome Browser with mode" library="web_common_keywords">
<arguments>
<arg>https://trading-uat.hsc.com.vn/</arg>
</arguments>
<kw name="Convert To Lowercase" library="String">
<doc>Converts string to lowercase.</doc>
<arguments>
<arg>${browser}</arg>
</arguments>
<assign>
<var>${browser}</var>
</assign>
<msg timestamp="20210226 09:36:07.492" level="INFO">${browser} = chrome</msg>
<status status="PASS" starttime="20210226 09:36:07.492" endtime="20210226 09:36:07.492"></status>
</kw>
<kw name="Convert To Boolean" library="BuiltIn">
<doc>Converts the given item to Boolean true or false.</doc>
<arguments>
<arg>true</arg>
</arguments>
<assign>
<var>${true}</var>
</assign>
<msg timestamp="20210226 09:36:07.493" level="INFO">${true} = True</msg>
<status status="PASS" starttime="20210226 09:36:07.493" endtime="20210226 09:36:07.493"></status>
</kw>
<kw name="Create List" library="BuiltIn">
<doc>Returns a list containing given items.</doc>
<arguments>
<arg>--no-sandbox</arg>
<arg>--headless</arg>
<arg>--ignore-certificate-errors</arg>
<arg>--disable-web-security</arg>
<arg>--disable-notifications</arg>
<arg>--disable-impl-side-painting</arg>
<arg>--enable-features=NetworkService,NetworkServiceInProcess</arg>
</arguments>
<assign>
<var>${list_options_headless}</var>
</assign>
<msg timestamp="20210226 09:36:07.494" level="INFO">${list_options_headless} = ['--no-sandbox', '--headless', '--ignore-certificate-errors', '--disable-web-security', '--disable-notifications', '--disable-impl-side-painting', '--enable-features=NetworkService,NetworkServiceInPro...</msg>
<status status="PASS" starttime="20210226 09:36:07.494" endtime="20210226 09:36:07.494"></status>
</kw>
<kw name="Create List" library="BuiltIn">
<doc>Returns a list containing given items.</doc>
<arguments>
<arg>--no-sandbox</arg>
<arg>--ignore-certificate-errors</arg>
<arg>--disable-web-security</arg>
<arg>--disable-notifications</arg>
<arg>--disable-impl-side-painting</arg>
<arg>--enable-features=NetworkService,NetworkServiceInProcess</arg>
</arguments>
<assign>
<var>${list_options}</var>
</assign>
<msg timestamp="20210226 09:36:07.494" level="INFO">${list_options} = ['--no-sandbox', '--ignore-certificate-errors', '--disable-web-security', '--disable-notifications', '--disable-impl-side-painting', '--enable-features=NetworkService,NetworkServiceInProcess']</msg>
<status status="PASS" starttime="20210226 09:36:07.494" endtime="20210226 09:36:07.494"></status>
</kw>
<kw name="Create Dictionary" library="BuiltIn">
<doc>Creates and returns a dictionary based on the given ``items``.</doc>
<arguments>
<arg>args=${list_options_headless}</arg>
</arguments>
<assign>
<var>${args_headless}</var>
</assign>
<msg timestamp="20210226 09:36:07.495" level="INFO">${args_headless} = {'args': ['--no-sandbox', '--headless', '--ignore-certificate-errors', '--disable-web-security', '--disable-notifications', '--disable-impl-side-painting', '--enable-features=NetworkService,NetworkSer...</msg>
<status status="PASS" starttime="20210226 09:36:07.494" endtime="20210226 09:36:07.495"></status>
</kw>
<kw name="Create Dictionary" library="BuiltIn">
<doc>Creates and returns a dictionary based on the given ``items``.</doc>
<arguments>
<arg>args=${list_options}</arg>
</arguments>
<assign>
<var>${args}</var>
</assign>
<msg timestamp="20210226 09:36:07.495" level="INFO">${args} = {'args': ['--no-sandbox', '--ignore-certificate-errors', '--disable-web-security', '--disable-notifications', '--disable-impl-side-painting', '--enable-features=NetworkService,NetworkServiceInProcess'...</msg>
<status status="PASS" starttime="20210226 09:36:07.495" endtime="20210226 09:36:07.495"></status>
</kw>
<kw name="Create Dictionary" library="BuiltIn">
<doc>Creates and returns a dictionary based on the given ``items``.</doc>
<arguments>
<arg>acceptSslCerts=${true}</arg>
<arg>acceptInsecureCerts=${true}</arg>
<arg>ignore-certificate-errors=${true}</arg>
<arg>chromeOptions=${args_headless}</arg>
</arguments>
<assign>
<var>${desired_capabilities_headless}</var>
</assign>
<msg timestamp="20210226 09:36:07.496" level="INFO">${desired_capabilities_headless} = {'acceptSslCerts': True, 'acceptInsecureCerts': True, 'ignore-certificate-errors': True, 'chromeOptions': {'args': ['--no-sandbox', '--headless', '--ignore-certificate-errors', '--disable-web-security...</msg>
<status status="PASS" starttime="20210226 09:36:07.495" endtime="20210226 09:36:07.496"></status>
</kw>
<kw name="Create Dictionary" library="BuiltIn">
<doc>Creates and returns a dictionary based on the given ``items``.</doc>
<arguments>
<arg>acceptSslCerts=${true}</arg>
<arg>acceptInsecureCerts=${true}</arg>
<arg>ignore-certificate-errors=${true}</arg>
<arg>chromeOptions=${args}</arg>
</arguments>
<assign>
<var>${desired_capabilities}</var>
</assign>
<msg timestamp="20210226 09:36:07.496" level="INFO">${desired_capabilities} = {'acceptSslCerts': True, 'acceptInsecureCerts': True, 'ignore-certificate-errors': True, 'chromeOptions': {'args': ['--no-sandbox', '--ignore-certificate-errors', '--disable-web-security', '--disable-...</msg>
<status status="PASS" starttime="20210226 09:36:07.496" endtime="20210226 09:36:07.496"></status>
</kw>
<kw name="Run Keyword If" library="BuiltIn">
<doc>Runs the given keyword with the given arguments, if ``condition`` is true.</doc>
<arguments>
<arg>'${browser}' == 'chrome'</arg>
<arg>Run Keywords</arg>
<arg>Open Browser</arg>
<arg>${url}</arg>
<arg>${browser}</arg>
<arg>desired_capabilities=${desired_capabilities}</arg>
<arg>AND</arg>
<arg>[Common] - Maximize browser size to fit screen</arg>
<arg>ELSE IF</arg>
<arg>'${browser}' == 'headlesschrome'</arg>
<arg>Run keywords</arg>
<arg>Open Browser</arg>
<arg>${url}</arg>
<arg>${browser}</arg>
<arg>desired_capabilities=${desired_capabilities_headless}</arg>
<arg>AND</arg>
<arg>[Common] - Maximize browser size to fit screen</arg>
<arg>ELSE</arg>
<arg>should be true</arg>
<arg>${FALSE}</arg>
</arguments>
<kw name="Run Keywords" library="BuiltIn">
<doc>Executes all the given keywords in a sequence.</doc>
<arguments>
<arg>Open Browser</arg>
<arg>${url}</arg>
<arg>${browser}</arg>
<arg>desired_capabilities=${desired_capabilities}</arg>
<arg>AND</arg>
<arg>[Common] - Maximize browser size to fit screen</arg>
</arguments>
<kw name="Open Browser" library="SeleniumLibrary">
<doc>Opens a new browser instance to the given ``url``.</doc>
<arguments>
<arg>${url}</arg>
<arg>${browser}</arg>
<arg>desired_capabilities=${desired_capabilities}</arg>
</arguments>
<msg timestamp="20210226 09:36:07.498" level="INFO">Opening browser 'chrome' to base url 'https://trading-uat.hsc.com.vn/'.</msg>
<status status="PASS" starttime="20210226 09:36:07.498" endtime="20210226 09:36:15.884"></status>
</kw>
<kw name="[Common] - Maximize browser size to fit screen" library="web_common_keywords">
<kw name="Set Window Position" library="SeleniumLibrary">
<doc>Sets window position using ``x`` and ``y`` coordinates.</doc>
<arguments>
<arg>0</arg>
<arg>0</arg>
</arguments>
<status status="PASS" starttime="20210226 09:36:15.884" endtime="20210226 09:36:16.017"></status>
</kw>
<kw name="Set Window Size" library="SeleniumLibrary">
<doc>Sets current windows size to given ``width`` and ``height``.</doc>
<arguments>
<arg>1440</arg>
<arg>900</arg>
</arguments>
<status status="PASS" starttime="20210226 09:36:16.017" endtime="20210226 09:36:16.158"></status>
</kw>
<status status="PASS" starttime="20210226 09:36:15.884" endtime="20210226 09:36:16.158"></status>
</kw>
<status status="PASS" starttime="20210226 09:36:07.497" endtime="20210226 09:36:16.158"></status>
</kw>
<status status="PASS" starttime="20210226 09:36:07.497" endtime="20210226 09:36:16.158"></status>
</kw>
<status status="PASS" starttime="20210226 09:36:07.491" endtime="20210226 09:36:16.158"></status>
</kw>
<kw name="[Kw] - Input into Account and Password" library="Login_Keywords">
<arguments>
<arg>${USERNAME}</arg>
<arg>${PASSWORD}</arg>
</arguments>
<kw name="[Common] - Input text into textbox" library="web_common_keywords">
<arguments>
<arg>${txt_Login}</arg>
<arg>${USERNAME}</arg>
</arguments>
<kw name="Wait Until Keyword Succeeds" library="BuiltIn">
<doc>Runs the specified keyword and retries if it fails.</doc>
<arguments>
<arg>15s</arg>
<arg>2s</arg>
<arg>Element Should Be Visible</arg>
<arg>${textbox_loc}</arg>
</arguments>
<kw name="Element Should Be Visible" library="SeleniumLibrary">
<doc>Verifies that the element identified by ``locator`` is visible.</doc>
<arguments>
<arg>${textbox_loc}</arg>
</arguments>
<kw name="Capture Page Screenshot" library="SeleniumLibrary">
<doc>Takes screenshot of the current page and embeds it into log file.</doc>
<msg timestamp="20210226 09:36:16.609" level="INFO" html="yes">&lt;/td&gt;&lt;/tr&gt;&lt;tr&gt;&lt;td colspan="3"&gt;&lt;a href="selenium-screenshot-5.png"&gt;&lt;img src="selenium-screenshot-5.png" width="800px"&gt;&lt;/a&gt;</msg>
<status status="PASS" starttime="20210226 09:36:16.183" endtime="20210226 09:36:16.609"></status>
</kw>
<msg timestamp="20210226 09:36:16.612" level="FAIL">Element with locator '//input[@class='ant-input ant-input-lg input-escape text-uppercase']' not found.</msg>
<status status="FAIL" starttime="20210226 09:36:16.161" endtime="20210226 09:36:16.612"></status>
</kw>
<kw name="Element Should Be Visible" library="SeleniumLibrary">
<doc>Verifies that the element identified by ``locator`` is visible.</doc>
<arguments>
<arg>${textbox_loc}</arg>
</arguments>
<msg timestamp="20210226 09:36:18.656" level="INFO">Element '//input[@class='ant-input ant-input-lg input-escape text-uppercase']' is displayed.</msg>
<status status="PASS" starttime="20210226 09:36:18.620" endtime="20210226 09:36:18.656"></status>
</kw>
<status status="PASS" starttime="20210226 09:36:16.160" endtime="20210226 09:36:18.656"></status>
</kw>
<kw name="Input Text" library="SeleniumLibrary">
<doc>Types the given ``text`` into text field identified by ``locator``.</doc>
<arguments>
<arg>${textbox_loc}</arg>
<arg>${text}</arg>
</arguments>
<msg timestamp="20210226 09:36:18.656" level="INFO">Typing text '030454' into text field '//input[@class='ant-input ant-input-lg input-escape text-uppercase']'.</msg>
<status status="PASS" starttime="20210226 09:36:18.656" endtime="20210226 09:36:18.754"></status>
</kw>
<status status="PASS" starttime="20210226 09:36:16.160" endtime="20210226 09:36:18.754"></status>
</kw>
<kw name="[Common] - Input text into textbox" library="web_common_keywords">
<arguments>
<arg>${txt_Password}</arg>
<arg>${PASSWORD}</arg>
</arguments>
<kw name="Wait Until Keyword Succeeds" library="BuiltIn">
<doc>Runs the specified keyword and retries if it fails.</doc>
<arguments>
<arg>15s</arg>
<arg>2s</arg>
<arg>Element Should Be Visible</arg>
<arg>${textbox_loc}</arg>
</arguments>
<kw name="Element Should Be Visible" library="SeleniumLibrary">
<doc>Verifies that the element identified by ``locator`` is visible.</doc>
<arguments>
<arg>${textbox_loc}</arg>
</arguments>
<msg timestamp="20210226 09:36:18.781" level="INFO">Element '//input[@class='ant-input ant-input-lg input-escape passwords-mask ']' is displayed.</msg>
<status status="PASS" starttime="20210226 09:36:18.755" endtime="20210226 09:36:18.781"></status>
</kw>
<status status="PASS" starttime="20210226 09:36:18.755" endtime="20210226 09:36:18.781"></status>
</kw>
<kw name="Input Text" library="SeleniumLibrary">
<doc>Types the given ``text`` into text field identified by ``locator``.</doc>
<arguments>
<arg>${textbox_loc}</arg>
<arg>${text}</arg>
</arguments>
<msg timestamp="20210226 09:36:18.782" level="INFO">Typing text '123456' into text field '//input[@class='ant-input ant-input-lg input-escape passwords-mask ']'.</msg>
<status status="PASS" starttime="20210226 09:36:18.781" endtime="20210226 09:36:18.878"></status>
</kw>
<status status="PASS" starttime="20210226 09:36:18.754" endtime="20210226 09:36:18.879"></status>
</kw>
<status status="PASS" starttime="20210226 09:36:16.159" endtime="20210226 09:36:18.879"></status>
</kw>
<kw name="[Kw] - Click login button" library="Login_Keywords">
<kw name="[Common] - click element" library="web_common_keywords">
<arguments>
<arg>${btn_Login}</arg>
</arguments>
<kw name="Wait Until Keyword Succeeds" library="BuiltIn">
<doc>Runs the specified keyword and retries if it fails.</doc>
<arguments>
<arg>5s</arg>
<arg>1s</arg>
<arg>Wait Until Element Is Visible</arg>
<arg>${element_loc}</arg>
<arg>timeout=20s</arg>
<arg>error=Could not find ${element_loc} element.</arg>
</arguments>
<kw name="Wait Until Element Is Visible" library="SeleniumLibrary">
<doc>Waits until element ``locator`` is visible.</doc>
<arguments>
<arg>${element_loc}</arg>
<arg>timeout=20s</arg>
<arg>error=Could not find ${element_loc} element.</arg>
</arguments>
<status status="PASS" starttime="20210226 09:36:18.880" endtime="20210226 09:36:18.906"></status>
</kw>
<status status="PASS" starttime="20210226 09:36:18.880" endtime="20210226 09:36:18.906"></status>
</kw>
<kw name="Click Element" library="SeleniumLibrary">
<doc>Click element identified by ``locator``.</doc>
<arguments>
<arg>${element_loc}</arg>
</arguments>
<msg timestamp="20210226 09:36:18.906" level="INFO">Clicking element '//button[@class='ant-btn ant-btn-primary ant-btn-lg']'.</msg>
<status status="PASS" starttime="20210226 09:36:18.906" endtime="20210226 09:36:18.967"></status>
</kw>
<status status="PASS" starttime="20210226 09:36:18.879" endtime="20210226 09:36:18.967"></status>
</kw>
<status status="PASS" starttime="20210226 09:36:18.879" endtime="20210226 09:36:18.968"></status>
</kw>
<kw name="[Common] - Execute JavaScripts Wait Element Is Visible" library="web_common_keywords">
<doc>Execute JavaScripts Wait Element Is Visible</doc>
<arguments>
<arg>//div[@id='logo']</arg>
</arguments>
<kw name="Run Keyword And Return Status" library="BuiltIn">
<doc>Runs the given keyword with given arguments and returns the status as a Boolean value.</doc>
<arguments>
<arg>Wait Until Keyword Succeeds</arg>
<arg>5s</arg>
<arg>1s</arg>
<arg>Execute JavaScript</arg>
<arg>document.evaluate("${element_xpath}", document, null, XPathResult.ANY_TYPE, null).iterateNext().style.display</arg>
</arguments>
<assign>
<var>${isVisible}</var>
</assign>
<kw name="Wait Until Keyword Succeeds" library="BuiltIn">
<doc>Runs the specified keyword and retries if it fails.</doc>
<arguments>
<arg>5s</arg>
<arg>1s</arg>
<arg>Execute JavaScript</arg>
<arg>document.evaluate("${element_xpath}", document, null, XPathResult.ANY_TYPE, null).iterateNext().style.display</arg>
</arguments>
<kw name="Execute Javascript" library="SeleniumLibrary">
<doc>Executes the given JavaScript code with possible arguments.</doc>
<arguments>
<arg>document.evaluate("${element_xpath}", document, null, XPathResult.ANY_TYPE, null).iterateNext().style.display</arg>
</arguments>
<msg timestamp="20210226 09:36:18.971" level="INFO">Executing JavaScript:
document.evaluate("//div[@id='logo']", document, null, XPathResult.ANY_TYPE, null).iterateNext().style.display
Without any arguments.</msg>
<kw name="Capture Page Screenshot" library="SeleniumLibrary">
<doc>Takes screenshot of the current page and embeds it into log file.</doc>
<msg timestamp="20210226 09:36:19.741" level="INFO" html="yes">&lt;/td&gt;&lt;/tr&gt;&lt;tr&gt;&lt;td colspan="3"&gt;&lt;a href="selenium-screenshot-6.png"&gt;&lt;img src="selenium-screenshot-6.png" width="800px"&gt;&lt;/a&gt;</msg>
<status status="PASS" starttime="20210226 09:36:18.981" endtime="20210226 09:36:19.742"></status>
</kw>
<msg timestamp="20210226 09:36:19.750" level="FAIL">JavascriptException: Message: javascript error: Cannot read property 'style' of null
  (Session info: chrome=88.0.4324.190)
</msg>
<status status="FAIL" starttime="20210226 09:36:18.971" endtime="20210226 09:36:19.750"></status>
</kw>
<kw name="Execute Javascript" library="SeleniumLibrary">
<doc>Executes the given JavaScript code with possible arguments.</doc>
<arguments>
<arg>document.evaluate("${element_xpath}", document, null, XPathResult.ANY_TYPE, null).iterateNext().style.display</arg>
</arguments>
<msg timestamp="20210226 09:36:20.760" level="INFO">Executing JavaScript:
document.evaluate("//div[@id='logo']", document, null, XPathResult.ANY_TYPE, null).iterateNext().style.display
Without any arguments.</msg>
<status status="PASS" starttime="20210226 09:36:20.759" endtime="20210226 09:36:20.832"></status>
</kw>
<status status="PASS" starttime="20210226 09:36:18.970" endtime="20210226 09:36:20.832"></status>
</kw>
<msg timestamp="20210226 09:36:20.832" level="INFO">${isVisible} = True</msg>
<status status="PASS" starttime="20210226 09:36:18.970" endtime="20210226 09:36:20.832"></status>
</kw>
<kw name="Convert To Boolean" library="BuiltIn">
<doc>Converts the given item to Boolean true or false.</doc>
<arguments>
<arg>TRUE</arg>
</arguments>
<assign>
<var>${true}</var>
</assign>
<msg timestamp="20210226 09:36:20.833" level="INFO">${true} = True</msg>
<status status="PASS" starttime="20210226 09:36:20.832" endtime="20210226 09:36:20.833"></status>
</kw>
<kw name="Should Be Equal" library="BuiltIn">
<doc>Fails if the given objects are unequal.</doc>
<arguments>
<arg>${isVisible}</arg>
<arg>${true}</arg>
<arg>Element ${element_xpath} is not Visible !</arg>
</arguments>
<status status="PASS" starttime="20210226 09:36:20.833" endtime="20210226 09:36:20.834"></status>
</kw>
<status status="PASS" starttime="20210226 09:36:18.969" endtime="20210226 09:36:20.834"></status>
</kw>
<kw name="[KW] Select StockID" library="Place_Order_Keywords">
<kw name="[Common] - click element" library="web_common_keywords">
<arguments>
<arg>${orderStockID}</arg>
</arguments>
<kw name="Wait Until Keyword Succeeds" library="BuiltIn">
<doc>Runs the specified keyword and retries if it fails.</doc>
<arguments>
<arg>5s</arg>
<arg>1s</arg>
<arg>Wait Until Element Is Visible</arg>
<arg>${element_loc}</arg>
<arg>timeout=20s</arg>
<arg>error=Could not find ${element_loc} element.</arg>
</arguments>
<kw name="Wait Until Element Is Visible" library="SeleniumLibrary">
<doc>Waits until element ``locator`` is visible.</doc>
<arguments>
<arg>${element_loc}</arg>
<arg>timeout=20s</arg>
<arg>error=Could not find ${element_loc} element.</arg>
</arguments>
<status status="PASS" starttime="20210226 09:36:20.836" endtime="20210226 09:36:20.901"></status>
</kw>
<status status="PASS" starttime="20210226 09:36:20.835" endtime="20210226 09:36:20.901"></status>
</kw>
<kw name="Click Element" library="SeleniumLibrary">
<doc>Click element identified by ``locator``.</doc>
<arguments>
<arg>${element_loc}</arg>
</arguments>
<msg timestamp="20210226 09:36:20.901" level="INFO">Clicking element '//div[@row-index="0"]//div[@class="btnStockMenu"]'.</msg>
<status status="PASS" starttime="20210226 09:36:20.901" endtime="20210226 09:36:20.961"></status>
</kw>
<status status="PASS" starttime="20210226 09:36:20.835" endtime="20210226 09:36:20.962"></status>
</kw>
<kw name="Get Text" library="SeleniumLibrary">
<doc>Returns the text value of element identified by ``locator``.</doc>
<arguments>
<arg>${orderStockID}</arg>
</arguments>
<assign>
<var>${maCK_1}</var>
</assign>
<msg timestamp="20210226 09:36:20.987" level="INFO">${maCK_1} = BID</msg>
<status status="PASS" starttime="20210226 09:36:20.962" endtime="20210226 09:36:20.987"></status>
</kw>
<kw name="Set Global Variable" library="BuiltIn">
<doc>Makes a variable available globally in all tests and suites.</doc>
<arguments>
<arg>${StocksID_order}</arg>
<arg>${maCK_1}</arg>
</arguments>
<msg timestamp="20210226 09:36:20.988" level="INFO">${StocksID_order} = BID</msg>
<status status="PASS" starttime="20210226 09:36:20.987" endtime="20210226 09:36:20.988"></status>
</kw>
<status status="PASS" starttime="20210226 09:36:20.834" endtime="20210226 09:36:20.988"></status>
</kw>
<kw name="[KW] Select Price" library="Place_Order_Keywords">
<kw name="[Common] - click element" library="web_common_keywords">
<arguments>
<arg>${orderPrice}</arg>
</arguments>
<kw name="Wait Until Keyword Succeeds" library="BuiltIn">
<doc>Runs the specified keyword and retries if it fails.</doc>
<arguments>
<arg>5s</arg>
<arg>1s</arg>
<arg>Wait Until Element Is Visible</arg>
<arg>${element_loc}</arg>
<arg>timeout=20s</arg>
<arg>error=Could not find ${element_loc} element.</arg>
</arguments>
<kw name="Wait Until Element Is Visible" library="SeleniumLibrary">
<doc>Waits until element ``locator`` is visible.</doc>
<arguments>
<arg>${element_loc}</arg>
<arg>timeout=20s</arg>
<arg>error=Could not find ${element_loc} element.</arg>
</arguments>
<status status="PASS" starttime="20210226 09:36:20.989" endtime="20210226 09:36:21.016"></status>
</kw>
<status status="PASS" starttime="20210226 09:36:20.989" endtime="20210226 09:36:21.016"></status>
</kw>
<kw name="Click Element" library="SeleniumLibrary">
<doc>Click element identified by ``locator``.</doc>
<arguments>
<arg>${element_loc}</arg>
</arguments>
<msg timestamp="20210226 09:36:21.017" level="INFO">Clicking element '//div[@row-index="0"]//div[@col-id="LastPriceCol"]'.</msg>
<status status="PASS" starttime="20210226 09:36:21.017" endtime="20210226 09:36:21.057"></status>
</kw>
<status status="PASS" starttime="20210226 09:36:20.988" endtime="20210226 09:36:21.058"></status>
</kw>
<kw name="Get Text" library="SeleniumLibrary">
<doc>Returns the text value of element identified by ``locator``.</doc>
<arguments>
<arg>${orderPrice}</arg>
</arguments>
<assign>
<var>${giaCK_1}</var>
</assign>
<msg timestamp="20210226 09:36:21.441" level="INFO">${giaCK_1} = 42.70</msg>
<status status="PASS" starttime="20210226 09:36:21.058" endtime="20210226 09:36:21.441"></status>
</kw>
<kw name="Set Global Variable" library="BuiltIn">
<doc>Makes a variable available globally in all tests and suites.</doc>
<arguments>
<arg>${Price_order}</arg>
<arg>${giaCK_1}</arg>
</arguments>
<msg timestamp="20210226 09:36:21.443" level="INFO">${Price_order} = 42.70</msg>
<status status="PASS" starttime="20210226 09:36:21.442" endtime="20210226 09:36:21.443"></status>
</kw>
<status status="PASS" starttime="20210226 09:36:20.988" endtime="20210226 09:36:21.443"></status>
</kw>
<kw name="[Common] - Input text into textbox" library="web_common_keywords">
<arguments>
<arg>${txt_Quantity}</arg>
<arg>${Quantity}</arg>
</arguments>
<kw name="Wait Until Keyword Succeeds" library="BuiltIn">
<doc>Runs the specified keyword and retries if it fails.</doc>
<arguments>
<arg>15s</arg>
<arg>2s</arg>
<arg>Element Should Be Visible</arg>
<arg>${textbox_loc}</arg>
</arguments>
<kw name="Element Should Be Visible" library="SeleniumLibrary">
<doc>Verifies that the element identified by ``locator`` is visible.</doc>
<arguments>
<arg>${textbox_loc}</arg>
</arguments>
<msg timestamp="20210226 09:36:21.498" level="INFO">Element '//input[@class="ant-input addon-input-locker text-lg"]' is displayed.</msg>
<status status="PASS" starttime="20210226 09:36:21.445" endtime="20210226 09:36:21.498"></status>
</kw>
<status status="PASS" starttime="20210226 09:36:21.444" endtime="20210226 09:36:21.499"></status>
</kw>
<kw name="Input Text" library="SeleniumLibrary">
<doc>Types the given ``text`` into text field identified by ``locator``.</doc>
<arguments>
<arg>${textbox_loc}</arg>
<arg>${text}</arg>
</arguments>
<msg timestamp="20210226 09:36:21.499" level="INFO">Typing text '100' into text field '//input[@class="ant-input addon-input-locker text-lg"]'.</msg>
<status status="PASS" starttime="20210226 09:36:21.499" endtime="20210226 09:36:21.584"></status>
</kw>
<status status="PASS" starttime="20210226 09:36:21.444" endtime="20210226 09:36:21.584"></status>
</kw>
<kw name="[KW] Click Button Buy" library="Place_Order_Keywords">
<kw name="[Common] - click element" library="web_common_keywords">
<arguments>
<arg>${btn_Buy}</arg>
</arguments>
<kw name="Wait Until Keyword Succeeds" library="BuiltIn">
<doc>Runs the specified keyword and retries if it fails.</doc>
<arguments>
<arg>5s</arg>
<arg>1s</arg>
<arg>Wait Until Element Is Visible</arg>
<arg>${element_loc}</arg>
<arg>timeout=20s</arg>
<arg>error=Could not find ${element_loc} element.</arg>
</arguments>
<kw name="Wait Until Element Is Visible" library="SeleniumLibrary">
<doc>Waits until element ``locator`` is visible.</doc>
<arguments>
<arg>${element_loc}</arg>
<arg>timeout=20s</arg>
<arg>error=Could not find ${element_loc} element.</arg>
</arguments>
<status status="PASS" starttime="20210226 09:36:21.585" endtime="20210226 09:36:21.743"></status>
</kw>
<status status="PASS" starttime="20210226 09:36:21.585" endtime="20210226 09:36:21.743"></status>
</kw>
<kw name="Click Element" library="SeleniumLibrary">
<doc>Click element identified by ``locator``.</doc>
<arguments>
<arg>${element_loc}</arg>
</arguments>
<msg timestamp="20210226 09:36:21.743" level="INFO">Clicking element '//button[@class="ant-btn ant-btn-buy ant-btn-lg ant-btn-block"]'.</msg>
<status status="PASS" starttime="20210226 09:36:21.743" endtime="20210226 09:36:21.924"></status>
</kw>
<status status="PASS" starttime="20210226 09:36:21.585" endtime="20210226 09:36:21.924"></status>
</kw>
<kw name="Wait Until Element Is Visible" library="SeleniumLibrary">
<doc>Waits until element ``locator`` is visible.</doc>
<arguments>
<arg>${btn_Confirm}</arg>
</arguments>
<status status="PASS" starttime="20210226 09:36:21.926" endtime="20210226 09:36:21.969"></status>
</kw>
<status status="PASS" starttime="20210226 09:36:21.584" endtime="20210226 09:36:21.969"></status>
</kw>
<kw name="[KW] Click Button Confirm Buy" library="Place_Order_Keywords">
<kw name="[Common] - click element" library="web_common_keywords">
<arguments>
<arg>${btn_Confirm}</arg>
</arguments>
<kw name="Wait Until Keyword Succeeds" library="BuiltIn">
<doc>Runs the specified keyword and retries if it fails.</doc>
<arguments>
<arg>5s</arg>
<arg>1s</arg>
<arg>Wait Until Element Is Visible</arg>
<arg>${element_loc}</arg>
<arg>timeout=20s</arg>
<arg>error=Could not find ${element_loc} element.</arg>
</arguments>
<kw name="Wait Until Element Is Visible" library="SeleniumLibrary">
<doc>Waits until element ``locator`` is visible.</doc>
<arguments>
<arg>${element_loc}</arg>
<arg>timeout=20s</arg>
<arg>error=Could not find ${element_loc} element.</arg>
</arguments>
<status status="PASS" starttime="20210226 09:36:21.970" endtime="20210226 09:36:21.988"></status>
</kw>
<status status="PASS" starttime="20210226 09:36:21.970" endtime="20210226 09:36:21.988"></status>
</kw>
<kw name="Click Element" library="SeleniumLibrary">
<doc>Click element identified by ``locator``.</doc>
<arguments>
<arg>${element_loc}</arg>
</arguments>
<msg timestamp="20210226 09:36:21.989" level="INFO">Clicking element '//button[@class="ant-btn ant-btn-buy"]'.</msg>
<status status="PASS" starttime="20210226 09:36:21.989" endtime="20210226 09:36:22.040"></status>
</kw>
<status status="PASS" starttime="20210226 09:36:21.970" endtime="20210226 09:36:22.040"></status>
</kw>
<kw name="Sleep" library="BuiltIn">
<doc>Pauses the test executed for the given time.</doc>
<arguments>
<arg>10s</arg>
</arguments>
<msg timestamp="20210226 09:36:32.042" level="INFO">Slept 10 seconds</msg>
<status status="PASS" starttime="20210226 09:36:22.040" endtime="20210226 09:36:32.042"></status>
</kw>
<status status="PASS" starttime="20210226 09:36:21.970" endtime="20210226 09:36:32.042"></status>
</kw>
<kw name="[KW] Verify Order Success" library="Place_Order_Keywords">
<kw name="Get Text" library="SeleniumLibrary">
<doc>Returns the text value of element identified by ``locator``.</doc>
<arguments>
<arg>${lb_StocksID}</arg>
</arguments>
<assign>
<var>${maCK_2}</var>
</assign>
<msg timestamp="20210226 09:36:32.104" level="INFO">${maCK_2} = BID</msg>
<status status="PASS" starttime="20210226 09:36:32.045" endtime="20210226 09:36:32.104"></status>
</kw>
<kw name="Get Text" library="SeleniumLibrary">
<doc>Returns the text value of element identified by ``locator``.</doc>
<arguments>
<arg>${lb_Price}</arg>
</arguments>
<assign>
<var>${giaCK_2}</var>
</assign>
<msg timestamp="20210226 09:36:32.125" level="INFO">${giaCK_2} = 42.70</msg>
<status status="PASS" starttime="20210226 09:36:32.104" endtime="20210226 09:36:32.125"></status>
</kw>
<kw name="Set Global Variable" library="BuiltIn">
<doc>Makes a variable available globally in all tests and suites.</doc>
<arguments>
<arg>${StocksID_success}</arg>
<arg>${maCK_2}</arg>
</arguments>
<msg timestamp="20210226 09:36:32.126" level="INFO">${StocksID_success} = BID</msg>
<status status="PASS" starttime="20210226 09:36:32.125" endtime="20210226 09:36:32.126"></status>
</kw>
<kw name="Set Global Variable" library="BuiltIn">
<doc>Makes a variable available globally in all tests and suites.</doc>
<arguments>
<arg>${Price_success}</arg>
<arg>${giaCK_2}</arg>
</arguments>
<msg timestamp="20210226 09:36:32.126" level="INFO">${Price_success} = 42.70</msg>
<status status="PASS" starttime="20210226 09:36:32.126" endtime="20210226 09:36:32.126"></status>
</kw>
<kw name="Should Be Equal" library="BuiltIn">
<doc>Fails if the given objects are unequal.</doc>
<arguments>
<arg>${StocksID_order}</arg>
<arg>${StocksID_success}</arg>
</arguments>
<status status="PASS" starttime="20210226 09:36:32.127" endtime="20210226 09:36:32.127"></status>
</kw>
<kw name="Should Be Equal" library="BuiltIn">
<doc>Fails if the given objects are unequal.</doc>
<arguments>
<arg>${Price_order}</arg>
<arg>${Price_success}</arg>
</arguments>
<status status="PASS" starttime="20210226 09:36:32.127" endtime="20210226 09:36:32.128"></status>
</kw>
<status status="PASS" starttime="20210226 09:36:32.044" endtime="20210226 09:36:32.128"></status>
</kw>
<kw name="Close Browser" library="SeleniumLibrary">
<doc>Closes the current browser.</doc>
<status status="PASS" starttime="20210226 09:36:32.129" endtime="20210226 09:36:34.462"></status>
</kw>
<tags>
<tag>Buy</tag>
</tags>
<status status="PASS" starttime="20210226 09:36:07.491" endtime="20210226 09:36:34.464" critical="yes"></status>
</test>
<doc>Suite description</doc>
<status status="PASS" starttime="20210226 09:36:06.526" endtime="20210226 09:36:34.469"></status>
</suite>
<statistics>
<total>
<stat pass="1" fail="0">Critical Tests</stat>
<stat pass="1" fail="0">All Tests</stat>
</total>
<tag>
<stat pass="1" fail="0">Buy</stat>
</tag>
<suite>
<stat pass="1" fail="0" id="s1" name="place Order">place Order</stat>
</suite>
</statistics>
<errors>
<msg timestamp="20210226 09:36:07.363" level="ERROR">Error in file 'G:\RobotFramework\robot_for_performance_UI\imports.robot': Importing test library 'G:\RobotFramework\robot_for_performance_UI\0_resources\pythonlibs\rsa_encryption.py' failed: ModuleNotFoundError: No module named 'Crypto'
Traceback (most recent call last):
  File "G:\RobotFramework\robot_for_performance_UI\0_resources\pythonlibs\rsa_encryption.py", line 1, in &lt;module&gt;
    from Crypto.PublicKey import RSA
PYTHONPATH:
  C:\Users\dongvd\AppData\Local\Programs\Python\Python39\Scripts\robot.exe
  c:\users\dongvd\appdata\local\programs\python\python39\python39.zip
  c:\users\dongvd\appdata\local\programs\python\python39\DLLs
  c:\users\dongvd\appdata\local\programs\python\python39\lib
  c:\users\dongvd\appdata\local\programs\python\python39
  C:\Users\dongvd\AppData\Roaming\Python\Python39\site-packages
  c:\users\dongvd\appdata\local\programs\python\python39\lib\site-packages</msg>
<msg timestamp="20210226 09:36:07.458" level="ERROR">Error in file 'G:\RobotFramework\robot_for_performance_UI\0_resources\imports.robot': Importing test library 'G:\RobotFramework\robot_for_performance_UI\0_resources\pythonlibs\rsa_encryption.py' failed: ModuleNotFoundError: No module named 'Crypto'
Traceback (most recent call last):
  File "G:\RobotFramework\robot_for_performance_UI\0_resources\pythonlibs\rsa_encryption.py", line 1, in &lt;module&gt;
    from Crypto.PublicKey import RSA
PYTHONPATH:
  C:\Users\dongvd\AppData\Local\Programs\Python\Python39\Scripts\robot.exe
  c:\users\dongvd\appdata\local\programs\python\python39\python39.zip
  c:\users\dongvd\appdata\local\programs\python\python39\DLLs
  c:\users\dongvd\appdata\local\programs\python\python39\lib
  c:\users\dongvd\appdata\local\programs\python\python39
  C:\Users\dongvd\AppData\Roaming\Python\Python39\site-packages
  c:\users\dongvd\appdata\local\programs\python\python39\lib\site-packages</msg>
</errors>
</robot>
